Build started 7/23/2016 9:27:38 AM.
     1>Project "C:\Adobe_Rang\Adobe_finalSDK\xmp_sdk\build\vc\XMPCore.vcxproj" on node 2 (Build target(s)).
     1>C:\Program Files (x86)\MSBuild\Microsoft.Cpp\v4.0\Microsoft.CppBuild.targets(1151,5): warning MSB8012: TargetPath(C:\Adobe_Rang\Adobe_finalSDK\xmp_sdk\build\vc\..\..\public\libraries\windows\debug\XMPCore.lib) does not match the Library's OutputFile property value (C:\Adobe_Rang\Adobe_finalSDK\xmp_sdk\public\libraries\windows\debug\XMPCoreStatic.lib). This may cause your project to build incorrectly. To correct this, please make sure that $(OutDir), $(TargetName) and $(TargetExt) property values match the value specified in %(Lib.OutputFile).
     1>C:\Program Files (x86)\MSBuild\Microsoft.Cpp\v4.0\Microsoft.CppBuild.targets(1153,5): warning MSB8012: TargetName(XMPCore) does not match the Library's OutputFile property value (XMPCoreStatic). This may cause your project to build incorrectly. To correct this, please make sure that $(OutDir), $(TargetName) and $(TargetExt) property values match the value specified in %(Lib.OutputFile).
     1>Lib:
         c:\Program Files (x86)\Microsoft Visual Studio 10.0\VC\bin\Lib.exe /OUT:"..\..\public\libraries\windows\debug\XMPCoreStatic.lib" /NOLOGO ..\..\intermediate\windows\debug\UnicodeConversions.obj
         ..\..\intermediate\windows\debug\XML_Node.obj
         ..\..\intermediate\windows\debug\XMP_LibUtils.obj
         ..\..\intermediate\windows\debug\xmlparse.obj
         ..\..\intermediate\windows\debug\xmlrole.obj
         ..\..\intermediate\windows\debug\xmltok.obj
         ..\..\intermediate\windows\debug\MD5.obj
         ..\..\intermediate\windows\debug\ExpatAdapter.obj
         ..\..\intermediate\windows\debug\ParseRDF.obj
         ..\..\intermediate\windows\debug\WXMPIterator.obj
         ..\..\intermediate\windows\debug\WXMPMeta.obj
         ..\..\intermediate\windows\debug\WXMPUtils.obj
         ..\..\intermediate\windows\debug\XMPCore_Impl.obj
         ..\..\intermediate\windows\debug\XMPIterator.obj
         "..\..\intermediate\windows\debug\XMPMeta-GetSet.obj"
         "..\..\intermediate\windows\debug\XMPMeta-Parse.obj"
         "..\..\intermediate\windows\debug\XMPMeta-Serialize.obj"
         ..\..\intermediate\windows\debug\XMPMeta.obj
         "..\..\intermediate\windows\debug\XMPUtils-FileInfo.obj"
         ..\..\intermediate\windows\debug\XMPUtils.obj
         XMPCore.vcxproj -> C:\Adobe_Rang\Adobe_finalSDK\xmp_sdk\build\vc\..\..\public\libraries\windows\debug\XMPCore.lib
     1>Done Building Project "C:\Adobe_Rang\Adobe_finalSDK\xmp_sdk\build\vc\XMPCore.vcxproj" (Build target(s)).

Build succeeded.

Time Elapsed 00:00:01.03
