C:\ADOBE_RANG\ADOBE_FINALSDK\XMP_SDK\INTERMEDIATE\WINDOWS\DEBUG\XMPUTILS.OBJ
C:\ADOBE_RANG\ADOBE_FINALSDK\XMP_SDK\INTERMEDIATE\WINDOWS\DEBUG\XMPUTILS-FILEINFO.OBJ
C:\ADOBE_RANG\ADOBE_FINALSDK\XMP_SDK\INTERMEDIATE\WINDOWS\DEBUG\XMPMETA.OBJ
C:\ADOBE_RANG\ADOBE_FINALSDK\XMP_SDK\INTERMEDIATE\WINDOWS\DEBUG\XMPMETA-SERIALIZE.OBJ
C:\ADOBE_RANG\ADOBE_FINALSDK\XMP_SDK\INTERMEDIATE\WINDOWS\DEBUG\XMPMETA-PARSE.OBJ
C:\ADOBE_RANG\ADOBE_FINALSDK\XMP_SDK\INTERMEDIATE\WINDOWS\DEBUG\XMPMETA-GETSET.OBJ
C:\ADOBE_RANG\ADOBE_FINALSDK\XMP_SDK\INTERMEDIATE\WINDOWS\DEBUG\XMPITERATOR.OBJ
C:\ADOBE_RANG\ADOBE_FINALSDK\XMP_SDK\INTERMEDIATE\WINDOWS\DEBUG\XMPCORE_IMPL.OBJ
C:\ADOBE_RANG\ADOBE_FINALSDK\XMP_SDK\INTERMEDIATE\WINDOWS\DEBUG\WXMPUTILS.OBJ
C:\ADOBE_RANG\ADOBE_FINALSDK\XMP_SDK\INTERMEDIATE\WINDOWS\DEBUG\WXMPMETA.OBJ
C:\ADOBE_RANG\ADOBE_FINALSDK\XMP_SDK\INTERMEDIATE\WINDOWS\DEBUG\WXMPITERATOR.OBJ
C:\ADOBE_RANG\ADOBE_FINALSDK\XMP_SDK\INTERMEDIATE\WINDOWS\DEBUG\PARSERDF.OBJ
C:\ADOBE_RANG\ADOBE_FINALSDK\XMP_SDK\INTERMEDIATE\WINDOWS\DEBUG\EXPATADAPTER.OBJ
C:\ADOBE_RANG\ADOBE_FINALSDK\XMP_SDK\INTERMEDIATE\WINDOWS\DEBUG\MD5.OBJ
C:\ADOBE_RANG\ADOBE_FINALSDK\XMP_SDK\INTERMEDIATE\WINDOWS\DEBUG\XMLTOK.OBJ
C:\ADOBE_RANG\ADOBE_FINALSDK\XMP_SDK\INTERMEDIATE\WINDOWS\DEBUG\XMLROLE.OBJ
C:\ADOBE_RANG\ADOBE_FINALSDK\XMP_SDK\INTERMEDIATE\WINDOWS\DEBUG\XMLPARSE.OBJ
C:\ADOBE_RANG\ADOBE_FINALSDK\XMP_SDK\INTERMEDIATE\WINDOWS\DEBUG\XMP_LIBUTILS.OBJ
C:\ADOBE_RANG\ADOBE_FINALSDK\XMP_SDK\INTERMEDIATE\WINDOWS\DEBUG\UNICODECONVERSIONS.OBJ
C:\ADOBE_RANG\ADOBE_FINALSDK\XMP_SDK\INTERMEDIATE\WINDOWS\DEBUG\XML_NODE.OBJ
C:\ADOBE_RANG\ADOBE_FINALSDK\XMP_SDK\PUBLIC\LIBRARIES\WINDOWS\DEBUG\XMPCORESTATIC.LIB
C:\Adobe_Rang\Adobe_finalSDK\xmp_sdk\intermediate\XMPCore\windows\debug\cl.command.1.tlog
C:\Adobe_Rang\Adobe_finalSDK\xmp_sdk\intermediate\XMPCore\windows\debug\CL.read.1.tlog
C:\Adobe_Rang\Adobe_finalSDK\xmp_sdk\intermediate\XMPCore\windows\debug\CL.write.1.tlog
C:\Adobe_Rang\Adobe_finalSDK\xmp_sdk\intermediate\XMPCore\windows\debug\Lib-link.read.1.tlog
C:\Adobe_Rang\Adobe_finalSDK\xmp_sdk\intermediate\XMPCore\windows\debug\Lib-link.write.1.tlog
C:\Adobe_Rang\Adobe_finalSDK\xmp_sdk\intermediate\XMPCore\windows\debug\lib.command.1.tlog
C:\Adobe_Rang\Adobe_finalSDK\xmp_sdk\intermediate\XMPCore\windows\debug\vc100.pdb
