C:\ADOBE_RANG\ADOBE_FINALSDK\XMP_SDK\INTERMEDIATE\XMPFILES\WINDOWS\DEBUG\VC100.PDB
C:\ADOBE_RANG\ADOBE_FINALSDK\XMP_SDK\INTERMEDIATE\WINDOWS\DEBUG\CRC32.OBJ
C:\ADOBE_RANG\ADOBE_FINALSDK\XMP_SDK\INTERMEDIATE\WINDOWS\DEBUG\ZUTIL.OBJ
C:\ADOBE_RANG\ADOBE_FINALSDK\XMP_SDK\INTERMEDIATE\WINDOWS\DEBUG\ADLER32.OBJ
C:\ADOBE_RANG\ADOBE_FINALSDK\XMP_SDK\INTERMEDIATE\WINDOWS\DEBUG\TREES.OBJ
C:\ADOBE_RANG\ADOBE_FINALSDK\XMP_SDK\INTERMEDIATE\WINDOWS\DEBUG\DEFLATE.OBJ
C:\ADOBE_RANG\ADOBE_FINALSDK\XMP_SDK\INTERMEDIATE\WINDOWS\DEBUG\INFBACK.OBJ
C:\ADOBE_RANG\ADOBE_FINALSDK\XMP_SDK\INTERMEDIATE\WINDOWS\DEBUG\COMPRESS.OBJ
C:\ADOBE_RANG\ADOBE_FINALSDK\XMP_SDK\INTERMEDIATE\WINDOWS\DEBUG\UNCOMPR.OBJ
C:\ADOBE_RANG\ADOBE_FINALSDK\XMP_SDK\INTERMEDIATE\WINDOWS\DEBUG\INFTREES.OBJ
C:\ADOBE_RANG\ADOBE_FINALSDK\XMP_SDK\INTERMEDIATE\WINDOWS\DEBUG\INFLATE.OBJ
C:\ADOBE_RANG\ADOBE_FINALSDK\XMP_SDK\INTERMEDIATE\WINDOWS\DEBUG\INFFAST.OBJ
C:\ADOBE_RANG\ADOBE_FINALSDK\XMP_SDK\PUBLIC\LIBRARIES\WINDOWS\DEBUG\XMPFILESSTATIC.LIB
C:\Adobe_Rang\Adobe_finalSDK\xmp_sdk\intermediate\XMPFiles\windows\debug\CL.2460.read.1.tlog
C:\Adobe_Rang\Adobe_finalSDK\xmp_sdk\intermediate\XMPFiles\windows\debug\CL.2460.write.1.tlog
C:\Adobe_Rang\Adobe_finalSDK\xmp_sdk\intermediate\XMPFiles\windows\debug\CL.2864.read.1.tlog
C:\Adobe_Rang\Adobe_finalSDK\xmp_sdk\intermediate\XMPFiles\windows\debug\CL.2864.write.1.tlog
C:\Adobe_Rang\Adobe_finalSDK\xmp_sdk\intermediate\XMPFiles\windows\debug\CL.4800.read.1.tlog
C:\Adobe_Rang\Adobe_finalSDK\xmp_sdk\intermediate\XMPFiles\windows\debug\CL.4800.write.1.tlog
C:\Adobe_Rang\Adobe_finalSDK\xmp_sdk\intermediate\XMPFiles\windows\debug\CL.4868.read.1.tlog
C:\Adobe_Rang\Adobe_finalSDK\xmp_sdk\intermediate\XMPFiles\windows\debug\CL.4868.write.1.tlog
C:\Adobe_Rang\Adobe_finalSDK\xmp_sdk\intermediate\XMPFiles\windows\debug\CL.5776.read.1.tlog
C:\Adobe_Rang\Adobe_finalSDK\xmp_sdk\intermediate\XMPFiles\windows\debug\CL.5776.write.1.tlog
C:\Adobe_Rang\Adobe_finalSDK\xmp_sdk\intermediate\XMPFiles\windows\debug\CL.5968.read.1.tlog
C:\Adobe_Rang\Adobe_finalSDK\xmp_sdk\intermediate\XMPFiles\windows\debug\CL.5968.write.1.tlog
C:\Adobe_Rang\Adobe_finalSDK\xmp_sdk\intermediate\XMPFiles\windows\debug\CL.6400.read.1.tlog
C:\Adobe_Rang\Adobe_finalSDK\xmp_sdk\intermediate\XMPFiles\windows\debug\CL.6400.write.1.tlog
C:\Adobe_Rang\Adobe_finalSDK\xmp_sdk\intermediate\XMPFiles\windows\debug\CL.6508.read.1.tlog
C:\Adobe_Rang\Adobe_finalSDK\xmp_sdk\intermediate\XMPFiles\windows\debug\CL.6508.write.1.tlog
C:\Adobe_Rang\Adobe_finalSDK\xmp_sdk\intermediate\XMPFiles\windows\debug\CL.6864.read.1.tlog
C:\Adobe_Rang\Adobe_finalSDK\xmp_sdk\intermediate\XMPFiles\windows\debug\CL.6864.write.1.tlog
C:\Adobe_Rang\Adobe_finalSDK\xmp_sdk\intermediate\XMPFiles\windows\debug\CL.7076.read.1.tlog
C:\Adobe_Rang\Adobe_finalSDK\xmp_sdk\intermediate\XMPFiles\windows\debug\CL.7076.write.1.tlog
C:\Adobe_Rang\Adobe_finalSDK\xmp_sdk\intermediate\XMPFiles\windows\debug\CL.7436.read.1.tlog
C:\Adobe_Rang\Adobe_finalSDK\xmp_sdk\intermediate\XMPFiles\windows\debug\CL.7436.write.1.tlog
C:\Adobe_Rang\Adobe_finalSDK\xmp_sdk\intermediate\XMPFiles\windows\debug\CL.7512.read.1.tlog
C:\Adobe_Rang\Adobe_finalSDK\xmp_sdk\intermediate\XMPFiles\windows\debug\CL.7512.write.1.tlog
C:\Adobe_Rang\Adobe_finalSDK\xmp_sdk\intermediate\XMPFiles\windows\debug\CL.7816.read.1.tlog
C:\Adobe_Rang\Adobe_finalSDK\xmp_sdk\intermediate\XMPFiles\windows\debug\CL.7816.write.1.tlog
C:\Adobe_Rang\Adobe_finalSDK\xmp_sdk\intermediate\XMPFiles\windows\debug\CL.8036.read.1.tlog
C:\Adobe_Rang\Adobe_finalSDK\xmp_sdk\intermediate\XMPFiles\windows\debug\CL.8036.write.1.tlog
C:\Adobe_Rang\Adobe_finalSDK\xmp_sdk\intermediate\XMPFiles\windows\debug\CL.8088.read.1.tlog
C:\Adobe_Rang\Adobe_finalSDK\xmp_sdk\intermediate\XMPFiles\windows\debug\CL.8088.write.1.tlog
C:\Adobe_Rang\Adobe_finalSDK\xmp_sdk\intermediate\XMPFiles\windows\debug\CL.8096.read.1.tlog
C:\Adobe_Rang\Adobe_finalSDK\xmp_sdk\intermediate\XMPFiles\windows\debug\CL.8096.write.1.tlog
C:\Adobe_Rang\Adobe_finalSDK\xmp_sdk\intermediate\XMPFiles\windows\debug\cl.command.1.tlog
C:\Adobe_Rang\Adobe_finalSDK\xmp_sdk\intermediate\XMPFiles\windows\debug\CL.read.1.tlog
C:\Adobe_Rang\Adobe_finalSDK\xmp_sdk\intermediate\XMPFiles\windows\debug\cl.write.1.tlog
C:\Adobe_Rang\Adobe_finalSDK\xmp_sdk\intermediate\XMPFiles\windows\debug\Lib-link.read.1.tlog
C:\Adobe_Rang\Adobe_finalSDK\xmp_sdk\intermediate\XMPFiles\windows\debug\Lib-link.write.1.tlog
C:\Adobe_Rang\Adobe_finalSDK\xmp_sdk\intermediate\XMPFiles\windows\debug\lib.command.1.tlog
C:\Adobe_Rang\Adobe_finalSDK\xmp_sdk\intermediate\XMPFiles\windows\debug\vc100.pdb
